<?xml version="1.0" encoding="UTF-8"?>
<!-- Generated by org.testng.reporters.JUnitReportReporter -->
<testsuite hostname="DESKTOP-49VOKE4" name="CalculatorPkg.CalculatorClass" tests="1" failures="0" timestamp="22 May 2019 20:29:24 GMT" time="1.967" errors="0">
  <testcase name="testCalc" time="1.967" classname="CalculatorPkg.CalculatorClass"/>
</testsuite> <!-- CalculatorPkg.CalculatorClass -->
