<?xml version="1.0" encoding="UTF-8"?>
<!-- Generated by org.testng.reporters.JUnitReportReporter -->
<testsuite hostname="DESKTOP-49VOKE4" name="Test.CalculatorClass" tests="1" failures="0" timestamp="22 May 2019 20:46:16 GMT" time="2.040" errors="0">
  <testcase name="testCalc" time="2.040" classname="Test.CalculatorClass"/>
</testsuite> <!-- Test.CalculatorClass -->
