<?xml version="1.0" encoding="UTF-8"?>
<!-- Generated by org.testng.reporters.JUnitReportReporter -->
<testsuite hostname="DESKTOP-49VOKE4" name="CalculatorPkg.CalculatorClass" tests="1" failures="0" timestamp="24 May 2019 23:48:17 GMT" time="2.940" errors="0">
  <testcase name="testCalc" time="2.940" classname="CalculatorPkg.CalculatorClass"/>
</testsuite> <!-- CalculatorPkg.CalculatorClass -->
