<?xml version="1.0" encoding="UTF-8"?>
<!-- Generated by org.testng.reporters.JUnitReportReporter -->
<testsuite skipped="0" hostname="DESKTOP-K4DR3E5" name="RestAssuredTest.Create_Employee" tests="1" failures="0" timestamp="25 May 2019 05:52:26 GMT" time="2.160" errors="0">
  <testcase name="CreateEmployee" time="2.160" classname="RestAssuredTest.Create_Employee"/>
</testsuite> <!-- RestAssuredTest.Create_Employee -->
