<?xml version="1.0" encoding="UTF-8"?>
<!-- Generated by org.testng.reporters.JUnitReportReporter -->
<testsuite skipped="0" hostname="DESKTOP-K4DR3E5" name="RestAssuredTest.Get_Employees" tests="1" failures="0" timestamp="25 May 2019 05:30:49 GMT" time="2.222" errors="0">
  <testcase name="GetAllEmployees" time="2.222" classname="RestAssuredTest.Get_Employees"/>
</testsuite> <!-- RestAssuredTest.Get_Employees -->
