<?xml version="1.0" encoding="UTF-8"?>
<!-- Generated by org.testng.reporters.JUnitReportReporter -->
<testsuite skipped="0" hostname="DESKTOP-K4DR3E5" name="RestAssuredTest.UpdateEmployee" tests="1" failures="0" timestamp="25 May 2019 06:00:42 GMT" time="2.593" errors="0">
  <testcase name="UpdateEmployees" time="2.593" classname="RestAssuredTest.UpdateEmployee"/>
</testsuite> <!-- RestAssuredTest.UpdateEmployee -->
