<?xml version="1.0" encoding="UTF-8"?>
<!-- Generated by org.testng.reporters.JUnitReportReporter -->
<testsuite skipped="0" hostname="DESKTOP-K4DR3E5" name="RestAssuredTest.Delete_Employee" tests="1" failures="0" timestamp="25 May 2019 06:02:47 GMT" time="2.356" errors="0">
  <testcase name="CreateEmployee" time="2.356" classname="RestAssuredTest.Delete_Employee"/>
</testsuite> <!-- RestAssuredTest.Delete_Employee -->
