<?xml version="1.0" encoding="UTF-8"?>
<!-- Generated by org.testng.reporters.JUnitReportReporter -->
<testsuite hostname="DESKTOP-49VOKE4" name="Test.test_delete" tests="1" failures="0" timestamp="22 May 2019 19:43:53 GMT" time="4.374" errors="0">
  <testcase name="post_test_req" time="4.374" classname="Test.test_delete"/>
</testsuite> <!-- Test.test_delete -->
