<?xml version="1.0" encoding="UTF-8"?>
<!-- Generated by org.testng.reporters.JUnitReportReporter -->
<testsuite skipped="0" hostname="LK-LPA" name="Reusable_Requests.GetRequest" tests="1" failures="0" timestamp="06 Dec 2018 11:02:26 GMT" time="2.512" errors="0">
  <testcase name="getRequest" time="2.512" classname="Reusable_Requests.GetRequest"/>
</testsuite> <!-- Reusable_Requests.GetRequest -->
