<?xml version="1.0" encoding="UTF-8"?>
<!-- Generated by org.testng.reporters.JUnitReportReporter -->
<testsuite skipped="0" hostname="LK-LPA" name="Reusable_Requests.PostRequest" tests="1" failures="0" timestamp="07 Dec 2018 04:30:43 GMT" time="1.854" errors="0">
  <testcase name="postRequest" time="1.854" classname="Reusable_Requests.PostRequest"/>
</testsuite> <!-- Reusable_Requests.PostRequest -->
