<?xml version="1.0" encoding="UTF-8"?>
<!-- Generated by org.testng.reporters.JUnitReportReporter -->
<testsuite hostname="DESKTOP-49VOKE4" name="Test.test_get" tests="3" failures="0" timestamp="22 May 2019 19:26:39 GMT" time="7.665" errors="0">
  <testcase name="get_test_req_chennai" time="6.048" classname="Test.test_get"/>
  <testcase name="get_test_req_pune" time="0.789" classname="Test.test_get"/>
  <testcase name="get_test_req_mumbai" time="0.828" classname="Test.test_get"/>
</testsuite> <!-- Test.test_get -->
