<?xml version="1.0" encoding="UTF-8"?>
<!-- Generated by org.testng.reporters.JUnitReportReporter -->
<testsuite hostname="DESKTOP-49VOKE4" name="Test.test_post" tests="1" failures="0" timestamp="22 May 2019 19:42:55 GMT" time="3.862" errors="0">
  <testcase name="post_test_req" time="3.862" classname="Test.test_post"/>
</testsuite> <!-- Test.test_post -->
