<?xml version="1.0" encoding="UTF-8"?>
<!-- Generated by org.testng.reporters.JUnitReportReporter -->
<testsuite skipped="0" hostname="DESKTOP-K4DR3E5" name="Runner.TestRunner" tests="1" failures="0" timestamp="25 May 2019 08:45:58 GMT" time="9.712" errors="0">
  <testcase name="feature" time="9.712" classname="Runner.TestRunner"/>
</testsuite> <!-- Runner.TestRunner -->
