<?xml version="1.0" encoding="UTF-8"?>
<!-- Generated by org.testng.reporters.JUnitReportReporter -->
<testsuite hostname="DESKTOP-49VOKE4" name="Test.test_put" tests="1" failures="0" timestamp="22 May 2019 19:43:29 GMT" time="4.387" errors="0">
  <testcase name="put_test_req" time="4.387" classname="Test.test_put"/>
</testsuite> <!-- Test.test_put -->
